[debug] [2020-12-16T22:09:26.171Z] ----------------------------------------------------------------------
[debug] [2020-12-16T22:09:26.173Z] Command:       C:\Program Files\nodejs\node.exe C:\Users\Gigabyte\AppData\Roaming\npm\node_modules\firebase-tools\lib\bin\firebase.js deploy --only functions --debug
[debug] [2020-12-16T22:09:26.173Z] CLI Version:   8.19.0
[debug] [2020-12-16T22:09:26.173Z] Platform:      win32
[debug] [2020-12-16T22:09:26.173Z] Node Version:  v14.13.0
[debug] [2020-12-16T22:09:26.174Z] Time:          Thu Dec 17 2020 00:09:26 GMT+0200 (South Africa Standard Time)
[debug] [2020-12-16T22:09:26.174Z] ----------------------------------------------------------------------
[debug] [2020-12-16T22:09:26.174Z] 
[debug] [2020-12-16T22:09:26.181Z] > command requires scopes: ["email","openid","https://www.googleapis.com/auth/cloudplatformprojects.readonly","https://www.googleapis.com/auth/firebase","https://www.googleapis.com/auth/cloud-platform"]
[debug] [2020-12-16T22:09:26.182Z] > authorizing via signed-in user
[debug] [2020-12-16T22:09:26.183Z] [iam] checking project clone-44166 for permissions ["cloudfunctions.functions.create","cloudfunctions.functions.delete","cloudfunctions.functions.get","cloudfunctions.functions.list","cloudfunctions.functions.update","cloudfunctions.operations.get","firebase.projects.get"]
[debug] [2020-12-16T22:09:26.186Z] >>> HTTP REQUEST POST https://cloudresourcemanager.googleapis.com/v1/projects/clone-44166:testIamPermissions  
 {"permissions":["cloudfunctions.functions.create","cloudfunctions.functions.delete","cloudfunctions.functions.get","cloudfunctions.functions.list","cloudfunctions.functions.update","cloudfunctions.operations.get","firebase.projects.get"]}
[debug] [2020-12-16T22:09:28.184Z] <<< HTTP RESPONSE 200 {"content-type":"application/json; charset=UTF-8","vary":"X-Origin, Referer, Origin,Accept-Encoding","date":"Wed, 16 Dec 2020 22:09:32 GMT","server":"ESF","cache-control":"private","x-xss-protection":"0","x-frame-options":"SAMEORIGIN","x-content-type-options":"nosniff","server-timing":"gfet4t7; dur=1488","alt-svc":"h3-29=\":443\"; ma=2592000,h3-T051=\":443\"; ma=2592000,h3-Q050=\":443\"; ma=2592000,h3-Q046=\":443\"; ma=2592000,h3-Q043=\":443\"; ma=2592000,quic=\":443\"; ma=2592000; v=\"46,43\"","accept-ranges":"none","transfer-encoding":"chunked"}
[debug] [2020-12-16T22:09:28.188Z] >>> HTTP REQUEST POST https://iam.googleapis.com/v1/projects/clone-44166/serviceAccounts/clone-44166@appspot.gserviceaccount.com:testIamPermissions  
 {"permissions":["iam.serviceAccounts.actAs"]}
[debug] [2020-12-16T22:09:30.176Z] <<< HTTP RESPONSE 200 {"content-type":"application/json; charset=UTF-8","vary":"X-Origin, Referer, Origin,Accept-Encoding","date":"Wed, 16 Dec 2020 22:09:34 GMT","server":"ESF","cache-control":"private","x-xss-protection":"0","x-frame-options":"SAMEORIGIN","x-content-type-options":"nosniff","alt-svc":"h3-29=\":443\"; ma=2592000,h3-T051=\":443\"; ma=2592000,h3-Q050=\":443\"; ma=2592000,h3-Q046=\":443\"; ma=2592000,h3-Q043=\":443\"; ma=2592000,quic=\":443\"; ma=2592000; v=\"46,43\"","accept-ranges":"none","transfer-encoding":"chunked"}
[info] 
[info] === Deploying to 'clone-44166'...
[info] 
[info] i  deploying functions 
[info] Running command: npm --prefix "$RESOURCE_DIR" run lint
[error] 
[error] Error: functions predeploy error: Command terminated with non-zero exit code2
